INFO: checking out_of_order...
INFO:     out_of_order check complete (0.001549 sec).
INFO: checking system...
INFO:     system check complete (0.000056 sec).
INFO: checking solvers...
INFO:     solvers check complete (0.000234 sec).
INFO: checking dup_inputs...
INFO:     dup_inputs check complete (0.000056 sec).
INFO: checking missing_recorders...
INFO:     missing_recorders check complete (0.000006 sec).
INFO: checking unserializable_options...
INFO:     unserializable_options check complete (0.001077 sec).
INFO: checking comp_has_no_outputs...
INFO:     comp_has_no_outputs check complete (0.000077 sec).
INFO: checking auto_ivc_warnings...
INFO:     auto_ivc_warnings check complete (0.000007 sec).
INFO: checking out_of_order...
INFO:     out_of_order check complete (0.000817 sec).
INFO: checking system...
INFO:     system check complete (0.000029 sec).
INFO: checking solvers...
INFO:     solvers check complete (0.000159 sec).
INFO: checking dup_inputs...
INFO:     dup_inputs check complete (0.000051 sec).
INFO: checking missing_recorders...
INFO:     missing_recorders check complete (0.000006 sec).
INFO: checking unserializable_options...
INFO:     unserializable_options check complete (0.001572 sec).
INFO: checking comp_has_no_outputs...
INFO:     comp_has_no_outputs check complete (0.000066 sec).
INFO: checking auto_ivc_warnings...
INFO:     auto_ivc_warnings check complete (0.000012 sec).
